p/1588088963337.jpg 1 0 0 570 481
p/1588088963336.jpg 1 0 0 1280 720
p/1588088963335.jpg 1 0 0 480 360
p/1588088963334.jpg 1 0 0 1280 720
p/1588088963333.jpg 1 0 0 4156 2771
p/1588088963332.jpg 1 0 0 2842 1624
p/1588088963331.jpg 1 0 0 900 602
p/1588088963330.jpg 1 0 0 1600 901
p/1588088963329.jpg 1 0 0 480 360
p/1588088963327.jpg 1 0 0 1130 1600
p/1588088963326.jpg 1 0 0 2560 1600
p/1588088963325.jpg 1 0 0 600 513
p/1588088963324.jpg 1 0 0 1280 720
p/1588088963323.jpg 1 0 0 450 253
p/1588088963322.jpg 1 0 0 480 360
p/1588088963321.jpg 1 0 0 1920 1080
p/1588088963320.jpg 1 0 0 640 438
p/1588088963319.jpg 1 0 0 1280 720
p/1588088963318.jpg 1 0 0 900 606
p/1588088953206.jpg 1 0 0 1536 1152
p/1588088953205.jpg 1 0 0 640 480
p/1588088953204.jpg 1 0 0 1920 1272
p/1588088953203.jpg 1 0 0 1050 550
p/1588088953202.jpg 1 0 0 1000 846
p/1588088953201.jpg 1 0 0 700 294
p/1588088953200.jpg 1 0 0 1280 720
p/1588088953199.jpg 1 0 0 480 360
p/1588088953198.jpg 1 0 0 1280 720
p/1588088953196.jpg 1 0 0 1000 891
p/1588088937589.jpg 1 0 0 600 300
p/1588088937588.jpg 1 0 0 950 631
p/1588088937587.jpg 1 0 0 480 360
p/1588088925552.jpg 1 0 0 550 550
p/1588088925551.jpg 1 0 0 3796 2531
p/1588088925550.jpg 1 0 0 1280 720
p/1588088911568.jpg 1 0 0 620 620
p/1588088911567.jpg 1 0 0 384 600
p/1588088911566.jpg 1 0 0 800 600
p/1588088911565.jpg 1 0 0 847 1129
p/1588088911564.jpg 1 0 0 6359 4299
p/1588088902810.jpg 1 0 0 1200 630
p/1588088902809.jpg 1 0 0 1280 720
p/1588088871466.jpg 1 0 0 1400 580
p/1588088963341.jpg 1 0 0 1280 1031
p/1588088963340.jpg 1 0 0 613 640
p/1588088963339.jpg 1 0 0 1280 720
p/1588088963338.jpg 1 0 0 1280 720
p/1588088963328.jpg 1 0 0 960 960
p/1588088963317.jpg 1 0 0 1280 720
p/1588088953197.jpg 1 0 0 1280 720
p/1588088911569.jpg 1 0 0 1280 720
p/1588088871465.jpg 1 0 0 1280 720